[debug] [2019-04-05T14:26:25.960Z] ----------------------------------------------------------------------
[debug] [2019-04-05T14:26:25.971Z] Command:       C:\Program Files\nodejs\node.exe C:\Users\felip\AppData\Roaming\npm\node_modules\firebase-tools\lib\bin\firebase.js serve --only functions
[debug] [2019-04-05T14:26:25.973Z] CLI Version:   6.5.2
[debug] [2019-04-05T14:26:25.973Z] Platform:      win32
[debug] [2019-04-05T14:26:25.973Z] Node Version:  v10.15.0
[debug] [2019-04-05T14:26:25.982Z] Time:          Fri Apr 05 2019 11:26:25 GMT-0300 (GMT-03:00)
[debug] [2019-04-05T14:26:25.982Z] ----------------------------------------------------------------------
[debug] 
[debug] [2019-04-05T14:26:26.039Z] > command requires scopes: ["email","openid","https://www.googleapis.com/auth/cloudplatformprojects.readonly","https://www.googleapis.com/auth/firebase","https://www.googleapis.com/auth/cloud-platform"]
[debug] [2019-04-05T14:26:26.041Z] > authorizing via signed-in user
[debug] [2019-04-05T14:26:26.041Z] [iam] checking project meu-projeto-chat-all-pizza for permissions ["firebase.projects.get"]
[debug] [2019-04-05T14:26:26.048Z] >>> HTTP REQUEST POST https://cloudresourcemanager.googleapis.com/v1/projects/meu-projeto-chat-all-pizza:testIamPermissions  

[debug] [2019-04-05T14:26:27.429Z] <<< HTTP RESPONSE 200
[debug] [2019-04-05T14:26:27.436Z] >>> HTTP REQUEST GET https://cloudresourcemanager.googleapis.com/v1/projects/meu-projeto-chat-all-pizza  
 
[debug] [2019-04-05T14:26:31.578Z] <<< HTTP RESPONSE 200
[info] 
[info] === Serving from 'C:\Users\felip\Desktop\ws\chatbot-allpizza'...
[info] 
[info] i  functions: Preparing to emulate functions.
[debug] [2019-04-05T14:26:46.022Z] Fetching environment
[debug] [2019-04-05T14:26:46.032Z] >>> HTTP REQUEST GET https://mobilesdk-pa.googleapis.com/v1/projects/966425400253:getServerAppConfig  
 
[debug] [2019-04-05T14:26:46.632Z] <<< HTTP RESPONSE 200
[debug] [2019-04-05T14:26:46.634Z] Starting @google-cloud/functions-emulator
[debug] [2019-04-05T14:26:58.235Z] Parsing function triggers
